[INFO] 22-05-2025 17:59:48 [TestNG-tests-2] [Tests.OverviewTest.setUp(OverviewTest.java:32)] - edge browser is launched
[INFO] 22-05-2025 17:59:50 [TestNG-tests-2] [Tests.OverviewTest.setUp(OverviewTest.java:36)] - Redirected to the URL: https://www.saucedemo.com/v1/index.html
[INFO] 22-05-2025 17:59:50 [TestNG-tests-2] [Listeners.ITestListenerClass.onTestStart(ITestListenerClass.java:8)] - Test started: checkTotalEqualSubPlusTax
[INFO] 22-05-2025 17:59:54 [TestNG-tests-2] [pages.HomePage.addRandomProductToCart(HomePage.java:57)] - Random product added to cart: 3
[INFO] 22-05-2025 17:59:55 [TestNG-tests-2] [pages.HomePage.addRandomProductToCart(HomePage.java:57)] - Random product added to cart: 5
[INFO] 22-05-2025 17:59:56 [TestNG-tests-1] [Tests.OverviewTest.setUp(OverviewTest.java:32)] - firefox browser is launched
[INFO] 22-05-2025 17:59:58 [TestNG-tests-1] [Tests.OverviewTest.setUp(OverviewTest.java:36)] - Redirected to the URL: https://www.saucedemo.com/v1/index.html
[INFO] 22-05-2025 17:59:58 [TestNG-tests-1] [Listeners.ITestListenerClass.onTestStart(ITestListenerClass.java:8)] - Test started: checkTotalEqualSubPlusTax
[INFO] 22-05-2025 17:59:58 [TestNG-tests-2] [pages.HomePage.addRandomProductToCart(HomePage.java:57)] - Random product added to cart: 6
[INFO] 22-05-2025 18:00:01 [TestNG-tests-1] [pages.HomePage.addRandomProductToCart(HomePage.java:57)] - Random product added to cart: 1
[INFO] 22-05-2025 18:00:02 [TestNG-tests-1] [pages.HomePage.addRandomProductToCart(HomePage.java:57)] - Random product added to cart: 3
[INFO] 22-05-2025 18:00:02 [TestNG-tests-1] [pages.HomePage.addRandomProductToCart(HomePage.java:57)] - Random product added to cart: 4
[INFO] 22-05-2025 18:00:04 [TestNG-tests-1] [pages.OverviewPage.getSubtotalPrice(OverviewPage.java:27)] - Subtotal price: 95.97
[INFO] 22-05-2025 18:00:04 [TestNG-tests-1] [pages.OverviewPage.getTaxPrice(OverviewPage.java:32)] - Tax price: 7.68
[INFO] 22-05-2025 18:00:04 [TestNG-tests-1] [pages.OverviewPage.getTotalPrice(OverviewPage.java:37)] - Total price: 103.65
[INFO] 22-05-2025 18:00:04 [TestNG-tests-1] [Tests.OverviewTest.checkTotalEqualSubPlusTax(OverviewTest.java:57)] - Total price is equal to subtotal + tax
[INFO] 22-05-2025 18:00:04 [TestNG-tests-1] [Listeners.ITestListenerClass.onTestSuccess(ITestListenerClass.java:13)] - Test passed: checkTotalEqualSubPlusTax
[INFO] 22-05-2025 18:00:06 [TestNG-tests-2] [pages.OverviewPage.getSubtotalPrice(OverviewPage.java:27)] - Subtotal price: 39.97
[INFO] 22-05-2025 18:00:06 [TestNG-tests-2] [pages.OverviewPage.getTaxPrice(OverviewPage.java:32)] - Tax price: 3.2
[INFO] 22-05-2025 18:00:06 [TestNG-tests-2] [pages.OverviewPage.getTotalPrice(OverviewPage.java:37)] - Total price: 43.17
[ERROR] 22-05-2025 18:00:06 [TestNG-tests-2] [Listeners.InvokedMethodListenersClass.afterInvocation(InvokedMethodListenersClass.java:24)] - Test failed: checkTotalEqualSubPlusTax
[INFO] 22-05-2025 18:00:08 [TestNG-tests-2] [Listeners.ITestListenerClass.onTestFailure(ITestListenerClass.java:27)] - Test failed: checkTotalEqualSubPlusTax
[INFO] 22-05-2025 18:00:15 [TestNG-tests-1] [Tests.OverviewTest.tearDown(OverviewTest.java:142)] - Browser is closed
[INFO] 22-05-2025 18:00:15 [TestNG-tests-2] [Tests.OverviewTest.tearDown(OverviewTest.java:142)] - Browser is closed
[INFO] 22-05-2025 18:00:27 [TestNG-tests-2] [Tests.OverviewTest.setUp(OverviewTest.java:32)] - edge browser is launched
[INFO] 22-05-2025 18:00:29 [TestNG-tests-2] [Tests.OverviewTest.setUp(OverviewTest.java:36)] - Redirected to the URL: https://www.saucedemo.com/v1/index.html
[INFO] 22-05-2025 18:00:29 [TestNG-tests-2] [Listeners.ITestListenerClass.onTestStart(ITestListenerClass.java:8)] - Test started: checkoutWithEmptyCart
[INFO] 22-05-2025 18:00:30 [TestNG-tests-1] [Tests.OverviewTest.setUp(OverviewTest.java:32)] - firefox browser is launched
[INFO] 22-05-2025 18:00:32 [TestNG-tests-1] [Tests.OverviewTest.setUp(OverviewTest.java:36)] - Redirected to the URL: https://www.saucedemo.com/v1/index.html
[INFO] 22-05-2025 18:00:33 [TestNG-tests-1] [Listeners.ITestListenerClass.onTestStart(ITestListenerClass.java:8)] - Test started: checkoutWithEmptyCart
[INFO] 22-05-2025 18:00:38 [TestNG-tests-2] [Tests.OverviewTest.checkoutWithEmptyCart(OverviewTest.java:86)] - current url is :https://www.saucedemo.com/v1/checkout-step-one.html
[ERROR] 22-05-2025 18:00:38 [TestNG-tests-2] [Listeners.InvokedMethodListenersClass.afterInvocation(InvokedMethodListenersClass.java:24)] - Test failed: checkoutWithEmptyCart
[INFO] 22-05-2025 18:00:38 [TestNG-tests-2] [Listeners.ITestListenerClass.onTestFailure(ITestListenerClass.java:27)] - Test failed: checkoutWithEmptyCart
[INFO] 22-05-2025 18:00:39 [TestNG-tests-1] [Tests.OverviewTest.checkoutWithEmptyCart(OverviewTest.java:86)] - current url is :https://www.saucedemo.com/v1/checkout-step-one.html
[ERROR] 22-05-2025 18:00:39 [TestNG-tests-1] [Listeners.InvokedMethodListenersClass.afterInvocation(InvokedMethodListenersClass.java:24)] - Test failed: checkoutWithEmptyCart
[INFO] 22-05-2025 18:00:39 [TestNG-tests-1] [Listeners.ITestListenerClass.onTestFailure(ITestListenerClass.java:27)] - Test failed: checkoutWithEmptyCart
[INFO] 22-05-2025 18:00:46 [TestNG-tests-2] [Tests.OverviewTest.tearDown(OverviewTest.java:142)] - Browser is closed
[INFO] 22-05-2025 18:00:54 [TestNG-tests-2] [Tests.OverviewTest.setUp(OverviewTest.java:32)] - edge browser is launched
[INFO] 22-05-2025 18:00:54 [TestNG-tests-1] [Tests.OverviewTest.tearDown(OverviewTest.java:142)] - Browser is closed
[INFO] 22-05-2025 18:00:55 [TestNG-tests-2] [Tests.OverviewTest.setUp(OverviewTest.java:36)] - Redirected to the URL: https://www.saucedemo.com/v1/index.html
[INFO] 22-05-2025 18:00:55 [TestNG-tests-2] [Listeners.ITestListenerClass.onTestStart(ITestListenerClass.java:8)] - Test started: checkoutWithEmptyFields
[INFO] 22-05-2025 18:00:59 [TestNG-tests-2] [pages.HomePage.addRandomProductToCart(HomePage.java:57)] - Random product added to cart: 1
[INFO] 22-05-2025 18:01:00 [TestNG-tests-2] [pages.HomePage.addRandomProductToCart(HomePage.java:57)] - Random product added to cart: 2
[INFO] 22-05-2025 18:01:00 [TestNG-tests-2] [pages.HomePage.addRandomProductToCart(HomePage.java:57)] - Random product added to cart: 3
[INFO] 22-05-2025 18:01:06 [TestNG-tests-2] [Tests.OverviewTest.checkoutWithEmptyFields(OverviewTest.java:100)] - current url is :https://www.saucedemo.com/v1/checkout-step-one.html
[INFO] 22-05-2025 18:01:06 [TestNG-tests-2] [Tests.OverviewTest.checkoutWithEmptyFields(OverviewTest.java:104)] - Error message is: Error: First Name is required
[INFO] 22-05-2025 18:01:06 [TestNG-tests-2] [Listeners.ITestListenerClass.onTestSuccess(ITestListenerClass.java:13)] - Test passed: checkoutWithEmptyFields
[INFO] 22-05-2025 18:01:09 [TestNG-tests-1] [Tests.OverviewTest.setUp(OverviewTest.java:32)] - firefox browser is launched
[INFO] 22-05-2025 18:01:09 [TestNG-tests-2] [Tests.OverviewTest.tearDown(OverviewTest.java:142)] - Browser is closed
[INFO] 22-05-2025 18:01:10 [TestNG-tests-1] [Tests.OverviewTest.setUp(OverviewTest.java:36)] - Redirected to the URL: https://www.saucedemo.com/v1/index.html
[INFO] 22-05-2025 18:01:10 [TestNG-tests-1] [Listeners.ITestListenerClass.onTestStart(ITestListenerClass.java:8)] - Test started: checkoutWithEmptyFields
[INFO] 22-05-2025 18:01:13 [TestNG-tests-1] [pages.HomePage.addRandomProductToCart(HomePage.java:57)] - Random product added to cart: 1
[INFO] 22-05-2025 18:01:13 [TestNG-tests-1] [pages.HomePage.addRandomProductToCart(HomePage.java:57)] - Random product added to cart: 3
[INFO] 22-05-2025 18:01:14 [TestNG-tests-1] [pages.HomePage.addRandomProductToCart(HomePage.java:57)] - Random product added to cart: 5
[INFO] 22-05-2025 18:01:16 [TestNG-tests-1] [Tests.OverviewTest.checkoutWithEmptyFields(OverviewTest.java:100)] - current url is :https://www.saucedemo.com/v1/checkout-step-one.html
[INFO] 22-05-2025 18:01:16 [TestNG-tests-1] [Tests.OverviewTest.checkoutWithEmptyFields(OverviewTest.java:104)] - Error message is: Error: First Name is required
[INFO] 22-05-2025 18:01:17 [TestNG-tests-1] [Listeners.ITestListenerClass.onTestSuccess(ITestListenerClass.java:13)] - Test passed: checkoutWithEmptyFields
[INFO] 22-05-2025 18:01:21 [TestNG-tests-2] [Tests.OverviewTest.setUp(OverviewTest.java:32)] - edge browser is launched
[INFO] 22-05-2025 18:01:21 [TestNG-tests-2] [Tests.OverviewTest.setUp(OverviewTest.java:36)] - Redirected to the URL: https://www.saucedemo.com/v1/index.html
[INFO] 22-05-2025 18:01:21 [TestNG-tests-2] [Listeners.ITestListenerClass.onTestStart(ITestListenerClass.java:8)] - Test started: compareTotalPriceInHomeAndCart
[INFO] 22-05-2025 18:01:25 [TestNG-tests-2] [pages.HomePage.addRandomProductToCart(HomePage.java:57)] - Random product added to cart: 2
[INFO] 22-05-2025 18:01:25 [TestNG-tests-2] [pages.HomePage.addRandomProductToCart(HomePage.java:57)] - Random product added to cart: 3
[INFO] 22-05-2025 18:01:26 [TestNG-tests-2] [pages.HomePage.addRandomProductToCart(HomePage.java:57)] - Random product added to cart: 6
[INFO] 22-05-2025 18:01:26 [TestNG-tests-1] [Tests.OverviewTest.tearDown(OverviewTest.java:142)] - Browser is closed
[INFO] 22-05-2025 18:01:26 [TestNG-tests-2] [pages.HomePage.getTotalPriceOfSelectedProducts(HomePage.java:69)] - number of selected 3
[INFO] 22-05-2025 18:01:27 [TestNG-tests-2] [pages.HomePage.getTotalPriceOfSelectedProducts(HomePage.java:74)] - Price of selected product: $9.99
[INFO] 22-05-2025 18:01:27 [TestNG-tests-2] [pages.HomePage.getTotalPriceOfSelectedProducts(HomePage.java:76)] - Total price after adding product: 9.99
[INFO] 22-05-2025 18:01:27 [TestNG-tests-2] [pages.HomePage.getTotalPriceOfSelectedProducts(HomePage.java:74)] - Price of selected product: $15.99
[INFO] 22-05-2025 18:01:27 [TestNG-tests-2] [pages.HomePage.getTotalPriceOfSelectedProducts(HomePage.java:76)] - Total price after adding product: 25.98
[INFO] 22-05-2025 18:01:27 [TestNG-tests-2] [pages.HomePage.getTotalPriceOfSelectedProducts(HomePage.java:74)] - Price of selected product: $15.99
[INFO] 22-05-2025 18:01:27 [TestNG-tests-2] [pages.HomePage.getTotalPriceOfSelectedProducts(HomePage.java:76)] - Total price after adding product: 41.97
[INFO] 22-05-2025 18:01:27 [TestNG-tests-2] [pages.HomePage.getTotalPriceOfSelectedProducts(HomePage.java:78)] - Total Price 41.97
[INFO] 22-05-2025 18:01:28 [TestNG-tests-2] [pages.CartPage.getTotalPriceOfSelectedProducts(CartPage.java:36)] - number of selected 3
[INFO] 22-05-2025 18:01:28 [TestNG-tests-2] [pages.CartPage.getTotalPriceOfSelectedProducts(CartPage.java:41)] - Price of selected product: 9.99
[INFO] 22-05-2025 18:01:28 [TestNG-tests-2] [pages.CartPage.getTotalPriceOfSelectedProducts(CartPage.java:43)] - Total price after adding product: 9.99
[INFO] 22-05-2025 18:01:28 [TestNG-tests-2] [pages.CartPage.getTotalPriceOfSelectedProducts(CartPage.java:41)] - Price of selected product: 15.99
[INFO] 22-05-2025 18:01:28 [TestNG-tests-2] [pages.CartPage.getTotalPriceOfSelectedProducts(CartPage.java:43)] - Total price after adding product: 25.98
[INFO] 22-05-2025 18:01:28 [TestNG-tests-2] [pages.CartPage.getTotalPriceOfSelectedProducts(CartPage.java:41)] - Price of selected product: 15.99
[INFO] 22-05-2025 18:01:28 [TestNG-tests-2] [pages.CartPage.getTotalPriceOfSelectedProducts(CartPage.java:43)] - Total price after adding product: 41.97
[INFO] 22-05-2025 18:01:28 [TestNG-tests-2] [pages.CartPage.getTotalPriceOfSelectedProducts(CartPage.java:45)] - Total Price 41.97
[INFO] 22-05-2025 18:01:28 [TestNG-tests-2] [Listeners.ITestListenerClass.onTestSuccess(ITestListenerClass.java:13)] - Test passed: compareTotalPriceInHomeAndCart
[INFO] 22-05-2025 18:01:31 [TestNG-tests-2] [Tests.OverviewTest.tearDown(OverviewTest.java:142)] - Browser is closed
[INFO] 22-05-2025 18:01:35 [TestNG-tests-1] [Tests.OverviewTest.setUp(OverviewTest.java:32)] - firefox browser is launched
[INFO] 22-05-2025 18:01:37 [TestNG-tests-1] [Tests.OverviewTest.setUp(OverviewTest.java:36)] - Redirected to the URL: https://www.saucedemo.com/v1/index.html
[INFO] 22-05-2025 18:01:37 [TestNG-tests-1] [Listeners.ITestListenerClass.onTestStart(ITestListenerClass.java:8)] - Test started: compareTotalPriceInHomeAndCart
[INFO] 22-05-2025 18:01:43 [TestNG-tests-2] [Tests.OverviewTest.setUp(OverviewTest.java:32)] - edge browser is launched
[INFO] 22-05-2025 18:01:43 [TestNG-tests-1] [pages.HomePage.addRandomProductToCart(HomePage.java:57)] - Random product added to cart: 1
[INFO] 22-05-2025 18:01:44 [TestNG-tests-1] [pages.HomePage.addRandomProductToCart(HomePage.java:57)] - Random product added to cart: 3
[INFO] 22-05-2025 18:01:44 [TestNG-tests-1] [pages.HomePage.addRandomProductToCart(HomePage.java:57)] - Random product added to cart: 4
[INFO] 22-05-2025 18:01:44 [TestNG-tests-1] [pages.HomePage.getTotalPriceOfSelectedProducts(HomePage.java:69)] - number of selected 3
[INFO] 22-05-2025 18:01:44 [TestNG-tests-1] [pages.HomePage.getTotalPriceOfSelectedProducts(HomePage.java:74)] - Price of selected product: $29.99
[INFO] 22-05-2025 18:01:44 [TestNG-tests-1] [pages.HomePage.getTotalPriceOfSelectedProducts(HomePage.java:76)] - Total price after adding product: 71.96
[INFO] 22-05-2025 18:01:44 [TestNG-tests-1] [pages.HomePage.getTotalPriceOfSelectedProducts(HomePage.java:74)] - Price of selected product: $15.99
[INFO] 22-05-2025 18:01:44 [TestNG-tests-1] [pages.HomePage.getTotalPriceOfSelectedProducts(HomePage.java:76)] - Total price after adding product: 87.95
[INFO] 22-05-2025 18:01:44 [TestNG-tests-2] [Tests.OverviewTest.setUp(OverviewTest.java:36)] - Redirected to the URL: https://www.saucedemo.com/v1/index.html
[INFO] 22-05-2025 18:01:44 [TestNG-tests-2] [Listeners.ITestListenerClass.onTestStart(ITestListenerClass.java:8)] - Test started: redirectToFinishPage
[INFO] 22-05-2025 18:01:44 [TestNG-tests-1] [pages.HomePage.getTotalPriceOfSelectedProducts(HomePage.java:74)] - Price of selected product: $49.99
[INFO] 22-05-2025 18:01:44 [TestNG-tests-1] [pages.HomePage.getTotalPriceOfSelectedProducts(HomePage.java:76)] - Total price after adding product: 137.94
[INFO] 22-05-2025 18:01:44 [TestNG-tests-1] [pages.HomePage.getTotalPriceOfSelectedProducts(HomePage.java:78)] - Total Price 137.94
[INFO] 22-05-2025 18:01:45 [TestNG-tests-1] [pages.CartPage.getTotalPriceOfSelectedProducts(CartPage.java:36)] - number of selected 3
[INFO] 22-05-2025 18:01:45 [TestNG-tests-1] [pages.CartPage.getTotalPriceOfSelectedProducts(CartPage.java:41)] - Price of selected product: 29.99
[INFO] 22-05-2025 18:01:45 [TestNG-tests-1] [pages.CartPage.getTotalPriceOfSelectedProducts(CartPage.java:43)] - Total price after adding product: 71.96
[INFO] 22-05-2025 18:01:46 [TestNG-tests-1] [pages.CartPage.getTotalPriceOfSelectedProducts(CartPage.java:41)] - Price of selected product: 15.99
[INFO] 22-05-2025 18:01:46 [TestNG-tests-1] [pages.CartPage.getTotalPriceOfSelectedProducts(CartPage.java:43)] - Total price after adding product: 87.95
[INFO] 22-05-2025 18:01:46 [TestNG-tests-1] [pages.CartPage.getTotalPriceOfSelectedProducts(CartPage.java:41)] - Price of selected product: 49.99
[INFO] 22-05-2025 18:01:46 [TestNG-tests-1] [pages.CartPage.getTotalPriceOfSelectedProducts(CartPage.java:43)] - Total price after adding product: 137.94
[INFO] 22-05-2025 18:01:46 [TestNG-tests-1] [pages.CartPage.getTotalPriceOfSelectedProducts(CartPage.java:45)] - Total Price 137.94
[INFO] 22-05-2025 18:01:46 [TestNG-tests-1] [Listeners.ITestListenerClass.onTestSuccess(ITestListenerClass.java:13)] - Test passed: compareTotalPriceInHomeAndCart
[INFO] 22-05-2025 18:01:49 [TestNG-tests-2] [pages.HomePage.addRandomProductToCart(HomePage.java:57)] - Random product added to cart: 1
[INFO] 22-05-2025 18:01:49 [TestNG-tests-2] [pages.HomePage.addRandomProductToCart(HomePage.java:57)] - Random product added to cart: 2
[INFO] 22-05-2025 18:01:49 [TestNG-tests-2] [pages.HomePage.addRandomProductToCart(HomePage.java:57)] - Random product added to cart: 4
[INFO] 22-05-2025 18:01:51 [TestNG-tests-1] [Tests.OverviewTest.tearDown(OverviewTest.java:142)] - Browser is closed
[INFO] 22-05-2025 18:01:52 [TestNG-tests-2] [pages.FinishPage.getConfirmationMessage(FinishPage.java:17)] - Confirmation message: THANK YOU FOR YOUR ORDER
[INFO] 22-05-2025 18:01:52 [TestNG-tests-2] [Listeners.ITestListenerClass.onTestSuccess(ITestListenerClass.java:13)] - Test passed: redirectToFinishPage
[INFO] 22-05-2025 18:01:54 [TestNG-tests-2] [Tests.OverviewTest.tearDown(OverviewTest.java:142)] - Browser is closed
[INFO] 22-05-2025 18:02:01 [TestNG-tests-1] [Tests.OverviewTest.setUp(OverviewTest.java:32)] - firefox browser is launched
[INFO] 22-05-2025 18:02:04 [TestNG-tests-1] [Tests.OverviewTest.setUp(OverviewTest.java:36)] - Redirected to the URL: https://www.saucedemo.com/v1/index.html
[INFO] 22-05-2025 18:02:04 [TestNG-tests-2] [Tests.OverviewTest.setUp(OverviewTest.java:32)] - edge browser is launched
[INFO] 22-05-2025 18:02:06 [TestNG-tests-1] [Listeners.ITestListenerClass.onTestStart(ITestListenerClass.java:8)] - Test started: redirectToFinishPage
[INFO] 22-05-2025 18:02:07 [TestNG-tests-2] [Tests.OverviewTest.setUp(OverviewTest.java:36)] - Redirected to the URL: https://www.saucedemo.com/v1/index.html
[INFO] 22-05-2025 18:02:07 [TestNG-tests-2] [Listeners.ITestListenerClass.onTestStart(ITestListenerClass.java:8)] - Test started: validatePostalCodeNotAcceptString
[INFO] 22-05-2025 18:02:10 [TestNG-tests-1] [pages.HomePage.addRandomProductToCart(HomePage.java:57)] - Random product added to cart: 1
[INFO] 22-05-2025 18:02:10 [TestNG-tests-1] [pages.HomePage.addRandomProductToCart(HomePage.java:57)] - Random product added to cart: 2
[INFO] 22-05-2025 18:02:10 [TestNG-tests-2] [pages.HomePage.addRandomProductToCart(HomePage.java:57)] - Random product added to cart: 2
[INFO] 22-05-2025 18:02:10 [TestNG-tests-2] [pages.HomePage.addRandomProductToCart(HomePage.java:57)] - Random product added to cart: 5
[INFO] 22-05-2025 18:02:10 [TestNG-tests-1] [pages.HomePage.addRandomProductToCart(HomePage.java:57)] - Random product added to cart: 6
[INFO] 22-05-2025 18:02:11 [TestNG-tests-2] [pages.HomePage.addRandomProductToCart(HomePage.java:57)] - Random product added to cart: 6
[INFO] 22-05-2025 18:02:13 [TestNG-tests-1] [pages.FinishPage.getConfirmationMessage(FinishPage.java:17)] - Confirmation message: THANK YOU FOR YOUR ORDER
[INFO] 22-05-2025 18:02:13 [TestNG-tests-1] [Listeners.ITestListenerClass.onTestSuccess(ITestListenerClass.java:13)] - Test passed: redirectToFinishPage
[INFO] 22-05-2025 18:02:14 [TestNG-tests-2] [Tests.OverviewTest.validatePostalCodeNotAcceptString(OverviewTest.java:121)] - current url is :https://www.saucedemo.com/v1/checkout-step-two.html
[ERROR] 22-05-2025 18:02:15 [TestNG-tests-2] [Listeners.InvokedMethodListenersClass.afterInvocation(InvokedMethodListenersClass.java:24)] - Test failed: validatePostalCodeNotAcceptString
[INFO] 22-05-2025 18:02:15 [TestNG-tests-2] [Listeners.ITestListenerClass.onTestFailure(ITestListenerClass.java:27)] - Test failed: validatePostalCodeNotAcceptString
[INFO] 22-05-2025 18:02:18 [TestNG-tests-1] [Tests.OverviewTest.tearDown(OverviewTest.java:142)] - Browser is closed
[INFO] 22-05-2025 18:02:19 [TestNG-tests-2] [Tests.OverviewTest.tearDown(OverviewTest.java:142)] - Browser is closed
[INFO] 22-05-2025 18:02:19 [TestNG-tests-2] [Listeners.ITestListenerClass.onFinish(ITestListenerClass.java:19)] - All tests finished: EdgeTest
[INFO] 22-05-2025 18:02:26 [TestNG-tests-1] [Tests.OverviewTest.setUp(OverviewTest.java:32)] - firefox browser is launched
[INFO] 22-05-2025 18:02:27 [TestNG-tests-1] [Tests.OverviewTest.setUp(OverviewTest.java:36)] - Redirected to the URL: https://www.saucedemo.com/v1/index.html
[INFO] 22-05-2025 18:02:27 [TestNG-tests-1] [Listeners.ITestListenerClass.onTestStart(ITestListenerClass.java:8)] - Test started: validatePostalCodeNotAcceptString
[INFO] 22-05-2025 18:02:31 [TestNG-tests-1] [pages.HomePage.addRandomProductToCart(HomePage.java:57)] - Random product added to cart: 1
[INFO] 22-05-2025 18:02:31 [TestNG-tests-1] [pages.HomePage.addRandomProductToCart(HomePage.java:57)] - Random product added to cart: 3
[INFO] 22-05-2025 18:02:31 [TestNG-tests-1] [pages.HomePage.addRandomProductToCart(HomePage.java:57)] - Random product added to cart: 4
[INFO] 22-05-2025 18:02:33 [TestNG-tests-1] [Tests.OverviewTest.validatePostalCodeNotAcceptString(OverviewTest.java:121)] - current url is :https://www.saucedemo.com/v1/checkout-step-two.html
[ERROR] 22-05-2025 18:02:33 [TestNG-tests-1] [Listeners.InvokedMethodListenersClass.afterInvocation(InvokedMethodListenersClass.java:24)] - Test failed: validatePostalCodeNotAcceptString
[INFO] 22-05-2025 18:02:33 [TestNG-tests-1] [Listeners.ITestListenerClass.onTestFailure(ITestListenerClass.java:27)] - Test failed: validatePostalCodeNotAcceptString
[INFO] 22-05-2025 18:02:36 [TestNG-tests-1] [Tests.OverviewTest.tearDown(OverviewTest.java:142)] - Browser is closed
[INFO] 22-05-2025 18:02:36 [TestNG-tests-1] [Listeners.ITestListenerClass.onFinish(ITestListenerClass.java:19)] - All tests finished: ChromeTest
